step	total_gs	compute_gs	write_gs
1	0.191	0.186	0.001
2	0.379	0.369	0.002
3	0.565	0.55	0.002
4	0.751	0.731	0.003
5	0.938	0.913	0.004
6	1.124	1.095	0.005
7	1.31	1.276	0.006
8	1.495	1.456	0.007
9	1.68	1.637	0.008
10	1.939	1.818	0.082
11	6601.79	4401.98	0.083
12	13201.1	8801.76	0.084
13	19800.9	13202.1	0.084
14	26400.9	17602.8	0.085
15	33001	22003.1	0.086
16	39601.1	26403.4	0.087
17	46201.1	30803.5	0.087
18	52801.2	35203.5	0.088
19	59400.7	39603.2	0.089
20	66000.8	44003.4	0.162
21	66001	44003.6	0.163
22	66001.2	44003.8	0.164
23	66001.4	44004	0.165
24	66001.6	44004.2	0.166
25	66001.8	44004.4	0.166
26	66001.9	44004.5	0.167
27	66002.1	44004.7	0.167
28	66002.3	44004.9	0.168
29	66002.5	44005.1	0.169
30	66002.8	44005.3	0.242
31	72602.8	48405.4	0.243
32	79202.9	52806.4	0.244
33	85802.8	57206.4	0.245
34	92402.6	61606.3	0.246
35	99002.9	66006.4	0.246
36	105603	70406.5	0.247
37	112203	74806.6	0.247
38	118803	79206.5	0.248
39	125403	83606.8	0.249
40	132003	88006.8	0.323
41	132003	88007	0.324
42	132004	88007.1	0.324
43	132004	88007.3	0.325
44	132004	88007.5	0.326
45	132004	88007.7	0.327
46	132004	88007.9	0.327
47	132005	88008	0.328
48	132005	88008.2	0.329
49	132005	88008.4	0.33
50	132005	88008.6	0.404
51	138605	92408.5	0.405
52	145205	96808.6	0.406
53	151805	101209	0.407
54	158405	105609	0.407
55	165004	110009	0.408
56	171604	114409	0.409
57	178204	118809	0.41
58	184804	123210	0.41
59	191404	127610	0.411
60	198004	132010	0.484
61	198004	132010	0.485
62	198004	132011	0.486
63	198004	132011	0.486
64	198004	132011	0.487
65	198005	132011	0.488
66	198005	132011	0.488
67	198005	132011	0.488
68	198005	132012	0.489
69	198005	132012	0.489
70	198006	132012	0.563
71	204606	136412	0.564
72	211206	140813	0.565
73	217806	145212	0.566
74	224405	149612	0.567
75	231005	154012	0.568
76	237606	158412	0.569
77	244206	162812	0.569
78	250806	167213	0.57
79	257406	171613	0.57
80	264007	176014	0.643
81	264007	176014	0.644
82	264007	176014	0.645
83	264007	176014	0.646
84	264007	176014	0.647
85	264008	176014	0.648
86	264008	176015	0.649
87	264008	176015	0.65
88	264008	176015	0.651
89	264008	176015	0.652
90	264009	176015	0.725
91	270609	180415	0.725
92	277209	184816	0.726
93	283809	189216	0.726
94	290409	193616	0.727
95	297008	198017	0.727
96	303608	202417	0.727
97	310208	206817	0.728
98	316808	211217	0.728
99	323408	215618	0.729
100	330008	220018	0.802
101	330009	220018	0.803
102	330009	220018	0.804
103	330009	220018	0.804
104	330009	220019	0.805
105	330009	220019	0.806
106	330010	220019	0.807
107	330010	220019	0.808
108	330010	220019	0.809
109	330010	220020	0.81
110	330010	220020	0.883
111	336611	224420	0.884
112	343210	228820	0.885
113	349811	233220	0.885
114	356410	237620	0.885
115	363011	242020	0.886
116	369611	246420	0.887
117	376210	250820	0.888
118	382810	255220	0.889
119	389410	259621	0.89
120	394907	264021	0.962
121	394907	264021	0.963
122	394907	264022	0.964
123	394908	264022	0.964
124	394908	264022	0.964
125	394908	264022	0.965
126	394908	264022	0.965
127	394908	264022	0.966
128	394908	264023	0.967
129	394909	264023	0.967
130	394909	264023	1.04
131	401508	268423	1.041
132	408109	272823	1.042
133	414708	277224	1.043
134	421308	281624	1.043
135	427908	286024	1.044
136	434508	290424	1.044
137	441108	294824	1.044
138	447708	299224	1.044
139	454308	303624	1.045
140	460908	308024	1.118
141	460908	308024	1.119
142	460908	308024	1.12
143	460908	308025	1.121
144	460908	308025	1.122
145	460908	308025	1.123
146	460909	308025	1.123
147	460909	308025	1.124
148	460909	308025	1.125
149	460909	308026	1.126
150	460909	308026	1.199
151	467509	312426	1.2
152	474109	316826	1.2
153	480709	321226	1.201
154	487309	325626	1.201
155	493909	330027	1.202
156	500509	334427	1.203
157	507109	338827	1.204
158	513709	343227	1.205
159	520309	347627	1.206
160	526909	352028	1.279
161	526910	352028	1.28
162	526910	352028	1.281
163	526910	352028	1.281
164	526910	352028	1.282
165	526910	352028	1.283
166	526910	352029	1.283
167	526911	352029	1.284
168	526911	352029	1.284
169	526911	352029	1.285
170	526911	352029	1.358
171	533511	356429	1.359
172	540111	360829	1.36
173	546711	365229	1.36
174	553311	369630	1.36
175	559911	374030	1.36
176	566511	378430	1.36
177	573111	382830	1.361
178	579711	387230	1.362
179	586311	391630	1.363
180	592911	396031	1.436
181	592911	396031	1.436
182	592911	396031	1.437
183	592912	396031	1.438
184	592912	396031	1.438
185	592912	396032	1.439
186	592912	396032	1.44
187	592912	396032	1.441
188	592912	396032	1.442
189	592913	396032	1.443
190	592913	396033	1.516
191	599512	400432	1.517
192	606112	404833	1.517
193	612712	409233	1.518
194	619312	413633	1.519
195	625912	418033	1.52
196	625912	418034	1.521
197	625913	418034	1.522
198	625913	418034	1.523
199	625913	418034	1.523
200	625913	418034	1.596
201	632513	422434	1.597
202	639113	426835	1.597
203	645714	431235	1.597
204	652314	435635	1.598
205	658914	440035	1.599
206	665514	444436	1.6
207	672114	448836	1.601
208	678714	453236	1.602
209	685314	457636	1.602
210	691914	462036	1.675
211	691914	462036	1.676
212	691914	462036	1.677
213	691915	462036	1.678
214	691915	462037	1.679
215	691915	462037	1.68
216	691915	462037	1.68
217	691915	462037	1.681
218	691916	462037	1.681
219	691916	462037	1.682
220	691916	462038	1.755
221	698516	466438	1.755
222	705115	470838	1.755
223	711715	475238	1.755
224	718316	479638	1.755
225	724915	484038	1.755
226	731515	488438	1.755
227	738115	492838	1.756
228	744715	497238	1.757
229	751315	501638	1.758
230	757914	506038	1.832
231	757914	506039	1.833
232	757915	506039	1.833
233	757915	506039	1.834
234	757915	506039	1.834
235	757915	506039	1.835
236	757915	506039	1.836
237	757916	506040	1.837
238	757916	506040	1.838
239	757916	506040	1.839
240	757916	506040	1.913
241	764516	510440	1.914
242	771116	514840	1.915
243	777716	519241	1.916
244	784316	523641	1.916
245	790917	528041	1.917
246	797516	532441	1.918
247	804116	536841	1.919
248	810716	541241	1.92
249	817316	545641	1.921
250	823916	550041	1.994
251	823916	550042	1.995
252	823916	550042	1.996
253	823916	550042	1.996
254	823917	550042	1.997
255	823917	550042	1.998
256	823917	550042	1.999
257	823917	550043	2
258	823917	550043	2
259	823917	550043	2.001
260	823918	550043	2.074
261	830517	554443	2.074
262	837117	558844	2.075
263	843717	563244	2.075
264	850317	567645	2.076
265	856917	572045	2.077
266	863517	576445	2.078
267	870117	580846	2.078
268	876717	585246	2.079
269	883317	589646	2.08
270	889917	594046	2.153
271	889917	594046	2.154
272	889917	594046	2.155
273	889917	594046	2.156
274	889918	594047	2.157
275	889918	594047	2.157
276	889918	594047	2.157
277	889918	594047	2.158
278	889918	594047	2.159
279	889918	594047	2.16
280	889919	594048	2.233
281	895415	598447	2.234
282	902015	603944	2.235
283	908616	608345	2.236
284	915215	612744	2.237
285	921815	617145	2.238
286	928415	621545	2.239
287	935015	625945	2.239
288	941615	630345	2.24
289	948214	634745	2.241
290	954814	639145	2.314
291	954814	639145	2.315
292	954814	639146	2.316
293	954815	639146	2.317
294	954815	639146	2.318
295	954815	639146	2.319
296	954815	639146	2.32
297	954815	639146	2.321
298	954816	639147	2.322
299	954816	639147	2.323
300	954816	639147	2.397
301	961416	643547	2.398
302	968016	647947	2.399
303	974615	652347	2.4
304	981215	656747	2.401
305	987815	661147	2.402
306	994415	665547	2.403
307	1.00102e+06	669948	2.404
308	1.00762e+06	674348	2.405
309	1.01422e+06	678748	2.406
310	1.02082e+06	683148	2.478
311	1.02082e+06	683148	2.479
312	1.02082e+06	683148	2.479
313	1.02082e+06	683149	2.48
314	1.02082e+06	683149	2.481
315	1.02082e+06	683149	2.482
316	1.02082e+06	683149	2.483
317	1.02082e+06	683149	2.484
318	1.02082e+06	683149	2.485
319	1.02082e+06	683150	2.486
320	1.02082e+06	683150	2.56
321	1.02742e+06	687550	2.56
322	1.03402e+06	691950	2.561
323	1.04062e+06	696350	2.562
324	1.04722e+06	700750	2.563
325	1.05382e+06	705150	2.564
326	1.06042e+06	709550	2.565
327	1.06702e+06	713950	2.565
328	1.07362e+06	718350	2.566
329	1.08022e+06	722751	2.567
330	1.08682e+06	727150	2.64
331	1.08682e+06	727150	2.64
332	1.08682e+06	727150	2.641
333	1.08682e+06	727150	2.642
334	1.08682e+06	727151	2.642
335	1.08682e+06	727151	2.643
336	1.08682e+06	727151	2.644
337	1.08682e+06	727151	2.645
338	1.08682e+06	727151	2.646
339	1.08682e+06	727152	2.646
340	1.08682e+06	727152	2.719
341	1.09342e+06	731552	2.72
342	1.10002e+06	735952	2.721
343	1.10662e+06	740352	2.722
344	1.11322e+06	744752	2.723
345	1.11982e+06	749153	2.724
346	1.12642e+06	753553	2.725
347	1.13302e+06	757953	2.726
348	1.13962e+06	762353	2.726
349	1.14622e+06	766753	2.726
350	1.15282e+06	771153	2.799
351	1.15282e+06	771154	2.8
352	1.15282e+06	771154	2.801
353	1.15282e+06	771154	2.802
354	1.15282e+06	771154	2.803
355	1.15282e+06	771154	2.804
356	1.15282e+06	771154	2.805
357	1.15282e+06	771155	2.806
358	1.15282e+06	771155	2.807
359	1.15282e+06	771155	2.808
360	1.15282e+06	771155	2.881
361	1.15942e+06	775555	2.882
362	1.16602e+06	779956	2.882
363	1.17262e+06	784356	2.883
364	1.17922e+06	788756	2.884
365	1.18582e+06	793156	2.885
366	1.19242e+06	797556	2.886
367	1.19902e+06	801956	2.886
368	1.20562e+06	806357	2.887
369	1.21222e+06	810757	2.887
370	1.21882e+06	815156	2.96
371	1.21882e+06	815157	2.96
372	1.21882e+06	815157	2.961
373	1.21882e+06	815157	2.962
374	1.21882e+06	815157	2.963
375	1.21882e+06	815157	2.963
376	1.21882e+06	815157	2.964
377	1.21882e+06	815158	2.965
378	1.21882e+06	815158	2.966
379	1.21882e+06	815158	2.967
380	1.21882e+06	815158	3.04
381	1.22542e+06	819558	3.041
382	1.23202e+06	823958	3.042
383	1.23862e+06	828358	3.042
384	1.24522e+06	832759	3.043
385	1.25182e+06	837159	3.043
386	1.25732e+06	841559	3.044
387	1.26392e+06	845960	3.044
388	1.27052e+06	850360	3.045
389	1.27712e+06	854760	3.045
390	1.28372e+06	859160	3.118
391	1.28372e+06	859160	3.119
392	1.28372e+06	859161	3.12
393	1.28372e+06	859161	3.121
394	1.28372e+06	859161	3.122
395	1.28372e+06	859161	3.123
396	1.28372e+06	859161	3.124
397	1.28372e+06	859161	3.125
398	1.28372e+06	859162	3.126
399	1.28372e+06	859162	3.127
400	1.28372e+06	859162	3.2
401	1.29032e+06	863562	3.201
402	1.29692e+06	867962	3.202
403	1.30352e+06	872363	3.203
404	1.31012e+06	876763	3.204
405	1.31672e+06	881163	3.205
406	1.32332e+06	885563	3.206
407	1.32992e+06	889963	3.207
408	1.33652e+06	894363	3.208
409	1.34312e+06	898763	3.208
410	1.34861e+06	903163	3.281
411	1.34861e+06	903163	3.282
412	1.34861e+06	903163	3.283
413	1.34861e+06	903164	3.284
414	1.34861e+06	903164	3.284
415	1.34861e+06	903164	3.285
416	1.34861e+06	903164	3.286
417	1.34861e+06	903164	3.287
418	1.34861e+06	903164	3.288
419	1.34862e+06	903165	3.289
420	1.34862e+06	903165	3.362
421	1.35521e+06	907565	3.363
422	1.36181e+06	911965	3.364
423	1.36841e+06	916365	3.365
424	1.37501e+06	920765	3.366
425	1.38161e+06	925165	3.366
426	1.38821e+06	929566	3.367
427	1.39482e+06	933966	3.367
428	1.40141e+06	938367	3.368
429	1.40801e+06	942767	3.369
430	1.41461e+06	947167	3.443
431	1.41461e+06	947167	3.444
432	1.41461e+06	947167	3.445
433	1.41461e+06	947167	3.446
434	1.41461e+06	947167	3.446
435	1.41461e+06	947167	3.447
436	1.41461e+06	947168	3.448
437	1.41461e+06	947168	3.448
438	1.41462e+06	947168	3.449
439	1.41462e+06	947168	3.45
440	1.41462e+06	947168	3.523
441	1.42122e+06	951568	3.523
442	1.42782e+06	955968	3.524
443	1.43442e+06	960368	3.525
444	1.43991e+06	964768	3.526
445	1.44542e+06	968072	3.527
446	1.45202e+06	972472	3.528
447	1.45862e+06	976872	3.529
448	1.46522e+06	981272	3.529
449	1.47182e+06	985672	3.53
450	1.47842e+06	990073	3.603
451	1.47842e+06	990073	3.604
452	1.47842e+06	990073	3.604
453	1.47842e+06	990073	3.604
454	1.47842e+06	990073	3.605
455	1.47842e+06	990074	3.606
456	1.47842e+06	990074	3.607
457	1.47842e+06	990074	3.608
458	1.47842e+06	990074	3.609
459	1.47842e+06	990074	3.61
460	1.47842e+06	990074	3.684
461	1.48502e+06	994475	3.685
462	1.49162e+06	998875	3.686
463	1.49822e+06	1.00327e+06	3.687
464	1.50482e+06	1.00768e+06	3.687
465	1.51142e+06	1.01208e+06	3.688
466	1.51802e+06	1.01648e+06	3.688
467	1.52462e+06	1.02088e+06	3.689
468	1.53122e+06	1.02528e+06	3.69
469	1.53782e+06	1.02967e+06	3.691
470	1.54442e+06	1.03407e+06	3.764
471	1.54442e+06	1.03407e+06	3.765
472	1.54442e+06	1.03407e+06	3.766
473	1.54442e+06	1.03407e+06	3.767
474	1.54442e+06	1.03408e+06	3.767
475	1.54442e+06	1.03408e+06	3.767
476	1.54442e+06	1.03408e+06	3.768
477	1.54442e+06	1.03408e+06	3.769
478	1.54442e+06	1.03408e+06	3.77
479	1.54442e+06	1.03408e+06	3.771
480	1.54442e+06	1.03408e+06	3.844
481	1.55102e+06	1.03848e+06	3.845
482	1.55762e+06	1.04288e+06	3.846
483	1.56422e+06	1.04728e+06	3.847
484	1.57082e+06	1.05168e+06	3.848
485	1.57742e+06	1.05608e+06	3.849
486	1.58402e+06	1.06048e+06	3.85
487	1.59062e+06	1.06488e+06	3.851
488	1.59722e+06	1.06928e+06	3.852
489	1.60382e+06	1.07368e+06	3.853
490	1.61042e+06	1.07808e+06	3.926
491	1.61042e+06	1.07808e+06	3.926
492	1.61042e+06	1.07808e+06	3.927
493	1.61042e+06	1.07808e+06	3.927
494	1.61042e+06	1.07808e+06	3.927
495	1.61042e+06	1.07808e+06	3.928
496	1.61042e+06	1.07808e+06	3.928
497	1.61042e+06	1.07808e+06	3.929
498	1.61042e+06	1.07808e+06	3.93
499	1.61042e+06	1.07808e+06	3.93
500	1.61042e+06	1.07808e+06	4.004
501	1.61702e+06	1.08248e+06	4.005
502	1.62362e+06	1.08688e+06	4.006
503	1.63022e+06	1.09128e+06	4.007
504	1.63682e+06	1.09568e+06	4.008
505	1.64232e+06	1.10008e+06	4.009
506	1.64782e+06	1.10448e+06	4.01
507	1.65442e+06	1.10888e+06	4.011
508	1.66102e+06	1.11328e+06	4.011
509	1.66762e+06	1.11768e+06	4.012
510	1.67422e+06	1.12208e+06	4.085
511	1.67422e+06	1.12208e+06	4.086
512	1.67422e+06	1.12208e+06	4.086
513	1.67422e+06	1.12208e+06	4.087
514	1.67422e+06	1.12208e+06	4.088
515	1.67422e+06	1.12208e+06	4.089
516	1.67422e+06	1.12208e+06	4.09
517	1.67422e+06	1.12208e+06	4.091
518	1.67422e+06	1.12208e+06	4.092
519	1.67422e+06	1.12208e+06	4.092
520	1.67422e+06	1.12208e+06	4.165
521	1.68082e+06	1.12648e+06	4.166
522	1.68632e+06	1.13088e+06	4.167
523	1.69292e+06	1.13528e+06	4.167
524	1.69952e+06	1.13968e+06	4.168
525	1.70612e+06	1.14408e+06	4.169
526	1.71162e+06	1.14849e+06	4.17
527	1.71821e+06	1.15398e+06	4.171
528	1.72481e+06	1.15838e+06	4.172
529	1.73031e+06	1.16278e+06	4.173
530	1.73691e+06	1.16718e+06	4.246
531	1.73691e+06	1.16718e+06	4.247
532	1.73691e+06	1.16718e+06	4.248
533	1.73691e+06	1.16718e+06	4.249
534	1.73691e+06	1.16718e+06	4.25
535	1.73691e+06	1.16718e+06	4.251
536	1.73691e+06	1.16718e+06	4.252
537	1.73691e+06	1.16718e+06	4.253
538	1.73691e+06	1.16718e+06	4.254
539	1.73691e+06	1.16718e+06	4.255
540	1.73691e+06	1.16718e+06	4.328
541	1.74351e+06	1.17158e+06	4.328
542	1.75011e+06	1.17598e+06	4.329
543	1.75671e+06	1.18038e+06	4.329
544	1.76331e+06	1.18478e+06	4.33
545	1.76991e+06	1.18918e+06	4.331
546	1.77651e+06	1.19358e+06	4.332
547	1.78311e+06	1.19798e+06	4.332
548	1.78971e+06	1.20238e+06	4.333
549	1.79631e+06	1.20678e+06	4.333
550	1.80291e+06	1.21118e+06	4.405
551	1.80291e+06	1.21118e+06	4.405
552	1.80291e+06	1.21118e+06	4.405
553	1.80291e+06	1.21118e+06	4.405
554	1.80291e+06	1.21118e+06	4.406
555	1.80291e+06	1.21118e+06	4.407
556	1.80291e+06	1.21118e+06	4.407
557	1.80291e+06	1.21119e+06	4.408
558	1.80291e+06	1.21119e+06	4.408
559	1.80291e+06	1.21119e+06	4.409
560	1.80291e+06	1.21119e+06	4.482
561	1.80951e+06	1.21559e+06	4.483
562	1.81611e+06	1.21999e+06	4.483
563	1.82271e+06	1.22439e+06	4.483
564	1.82821e+06	1.22879e+06	4.484
565	1.83481e+06	1.23428e+06	4.485
566	1.84141e+06	1.23868e+06	4.485
567	1.84691e+06	1.24308e+06	4.486
568	1.85241e+06	1.24639e+06	4.487
569	1.85901e+06	1.25079e+06	4.488
570	1.86561e+06	1.25519e+06	4.561
571	1.86561e+06	1.25519e+06	4.562
572	1.86561e+06	1.25519e+06	4.563
573	1.86561e+06	1.25519e+06	4.564
574	1.86561e+06	1.25519e+06	4.564
575	1.86561e+06	1.25519e+06	4.565
576	1.86561e+06	1.25519e+06	4.566
577	1.86561e+06	1.25519e+06	4.566
578	1.86561e+06	1.25519e+06	4.567
579	1.86561e+06	1.25519e+06	4.568
580	1.86561e+06	1.25519e+06	4.641
581	1.87221e+06	1.25959e+06	4.642
582	1.87881e+06	1.26399e+06	4.643
583	1.88541e+06	1.26839e+06	4.644
584	1.89091e+06	1.27279e+06	4.645
585	1.89751e+06	1.27719e+06	4.646
586	1.90411e+06	1.28159e+06	4.647
587	1.90961e+06	1.28599e+06	4.648
588	1.91181e+06	1.28709e+06	4.648
589	1.91841e+06	1.29149e+06	4.649
590	1.92501e+06	1.29589e+06	4.721
591	1.92501e+06	1.29589e+06	4.722
592	1.92501e+06	1.29589e+06	4.723
593	1.92501e+06	1.29589e+06	4.724
594	1.92501e+06	1.29589e+06	4.724
595	1.92501e+06	1.29589e+06	4.725
596	1.92501e+06	1.29589e+06	4.726
597	1.92501e+06	1.29589e+06	4.727
598	1.92501e+06	1.29589e+06	4.728
599	1.92501e+06	1.29589e+06	4.729
600	1.92501e+06	1.29589e+06	4.802
601	1.93161e+06	1.30029e+06	4.802
602	1.93821e+06	1.30469e+06	4.803
603	1.94481e+06	1.30909e+06	4.804
604	1.95141e+06	1.31349e+06	4.805
605	1.95801e+06	1.31789e+06	4.806
606	1.96461e+06	1.32229e+06	4.807
607	1.97121e+06	1.32669e+06	4.807
608	1.97781e+06	1.33109e+06	4.808
609	1.98441e+06	1.33549e+06	4.809
610	1.99101e+06	1.33989e+06	4.882
611	1.99101e+06	1.33989e+06	4.883
612	1.99101e+06	1.33989e+06	4.884
613	1.99101e+06	1.33989e+06	4.885
614	1.99101e+06	1.3399e+06	4.886
615	1.99101e+06	1.3399e+06	4.886
616	1.99101e+06	1.3399e+06	4.886
617	1.99101e+06	1.3399e+06	4.887
618	1.99101e+06	1.3399e+06	4.888
619	1.99101e+06	1.3399e+06	4.888
620	1.99101e+06	1.3399e+06	4.961
621	1.99761e+06	1.3443e+06	4.962
622	2.00421e+06	1.3487e+06	4.963
623	2.01081e+06	1.3531e+06	4.963
624	2.01741e+06	1.3575e+06	4.964
625	2.02401e+06	1.3619e+06	4.965
626	2.03061e+06	1.3663e+06	4.966
627	2.03721e+06	1.3707e+06	4.966
628	2.04601e+06	1.3751e+06	4.967
629	2.05261e+06	1.3795e+06	4.968
630	2.06031e+06	1.385e+06	5.039
631	2.06801e+06	1.3894e+06	5.039
632	2.07461e+06	1.3938e+06	5.04
633	2.08121e+06	1.3982e+06	5.041
634	2.08781e+06	1.4026e+06	5.041
635	2.09441e+06	1.407e+06	5.042
636	2.10101e+06	1.4114e+06	5.043
637	2.10761e+06	1.4158e+06	5.044
638	2.11421e+06	1.4202e+06	5.045
639	2.12081e+06	1.4246e+06	5.045
640	2.12741e+06	1.429e+06	5.117
641	2.12741e+06	1.429e+06	5.117
642	2.12741e+06	1.429e+06	5.118
643	2.12741e+06	1.429e+06	5.119
644	2.12741e+06	1.429e+06	5.119
645	2.12741e+06	1.429e+06	5.12
646	2.12741e+06	1.429e+06	5.121
647	2.12741e+06	1.429e+06	5.122
648	2.12741e+06	1.429e+06	5.122
649	2.12741e+06	1.429e+06	5.123
650	2.12741e+06	1.429e+06	5.196
651	2.13401e+06	1.4334e+06	5.197
652	2.14061e+06	1.4378e+06	5.198
653	2.14721e+06	1.4422e+06	5.199
654	2.15381e+06	1.4466e+06	5.2
655	2.15931e+06	1.451e+06	5.201
656	2.16481e+06	1.4554e+06	5.202
657	2.17141e+06	1.4598e+06	5.203
658	2.17801e+06	1.4642e+06	5.203
659	2.18461e+06	1.4686e+06	5.204
660	2.19121e+06	1.473e+06	5.277
661	2.19121e+06	1.473e+06	5.278
662	2.19121e+06	1.473e+06	5.278
663	2.19121e+06	1.473e+06	5.279
664	2.19121e+06	1.473e+06	5.279
665	2.19121e+06	1.473e+06	5.279
666	2.19121e+06	1.473e+06	5.279
667	2.19121e+06	1.47301e+06	5.28
668	2.19121e+06	1.47301e+06	5.28
669	2.19121e+06	1.47301e+06	5.281
670	2.19121e+06	1.47301e+06	5.354
671	2.19781e+06	1.47741e+06	5.355
672	2.20441e+06	1.48181e+06	5.355
673	2.21101e+06	1.48621e+06	5.355
674	2.21761e+06	1.49061e+06	5.356
675	2.22421e+06	1.49501e+06	5.357
676	2.23081e+06	1.49941e+06	5.358
677	2.23741e+06	1.50381e+06	5.359
678	2.24401e+06	1.50821e+06	5.36
679	2.25061e+06	1.51261e+06	5.361
680	2.25721e+06	1.51701e+06	5.434
681	2.25721e+06	1.51701e+06	5.435
682	2.25721e+06	1.51701e+06	5.436
683	2.25721e+06	1.51701e+06	5.437
684	2.25721e+06	1.51701e+06	5.438
685	2.25721e+06	1.51701e+06	5.438
686	2.25721e+06	1.51701e+06	5.439
687	2.25721e+06	1.51701e+06	5.44
688	2.25721e+06	1.51701e+06	5.441
689	2.25721e+06	1.51701e+06	5.441
690	2.25721e+06	1.51701e+06	5.514
691	2.26381e+06	1.52141e+06	5.515
692	2.27041e+06	1.52581e+06	5.516
693	2.27591e+06	1.53021e+06	5.517
694	2.28251e+06	1.53461e+06	5.518
695	2.28911e+06	1.53901e+06	5.519
696	2.29571e+06	1.54341e+06	5.52
697	2.30231e+06	1.54781e+06	5.521
698	2.30781e+06	1.55221e+06	5.522
699	2.31331e+06	1.55551e+06	5.522
700	2.31991e+06	1.55991e+06	5.596
701	2.31991e+06	1.55991e+06	5.597
702	2.31991e+06	1.55991e+06	5.598
703	2.31991e+06	1.55992e+06	5.599
704	2.31991e+06	1.55992e+06	5.6
705	2.31991e+06	1.55992e+06	5.6
706	2.31991e+06	1.55992e+06	5.601
707	2.31991e+06	1.55992e+06	5.602
708	2.31991e+06	1.55992e+06	5.603
709	2.31991e+06	1.55992e+06	5.603
710	2.31991e+06	1.55992e+06	5.676
711	2.32651e+06	1.56432e+06	5.677
712	2.33311e+06	1.56872e+06	5.678
713	2.33971e+06	1.57312e+06	5.678
714	2.34631e+06	1.57752e+06	5.679
715	2.35291e+06	1.58192e+06	5.68
716	2.35841e+06	1.58632e+06	5.681
717	2.36391e+06	1.58962e+06	5.682
718	2.37051e+06	1.59402e+06	5.683
719	2.37711e+06	1.59842e+06	5.684
720	2.38371e+06	1.60282e+06	5.757
721	2.38371e+06	1.60282e+06	5.758
722	2.38371e+06	1.60282e+06	5.759
723	2.38371e+06	1.60282e+06	5.76
724	2.38371e+06	1.60282e+06	5.761
725	2.38371e+06	1.60282e+06	5.762
726	2.38371e+06	1.60282e+06	5.762
727	2.38371e+06	1.60282e+06	5.763
728	2.38371e+06	1.60282e+06	5.764
729	2.38371e+06	1.60282e+06	5.764
730	2.38371e+06	1.60282e+06	5.837
731	2.39031e+06	1.60722e+06	5.837
732	2.39691e+06	1.61162e+06	5.837
733	2.40351e+06	1.61602e+06	5.837
734	2.41011e+06	1.62042e+06	5.838
735	2.41671e+06	1.62482e+06	5.839
736	2.42331e+06	1.62922e+06	5.84
737	2.42991e+06	1.63362e+06	5.841
738	2.43651e+06	1.63802e+06	5.841
739	2.44311e+06	1.64242e+06	5.842
740	2.44971e+06	1.64682e+06	5.915
741	2.44971e+06	1.64682e+06	5.916
742	2.44971e+06	1.64682e+06	5.916
743	2.44971e+06	1.64683e+06	5.916
744	2.44971e+06	1.64683e+06	5.917
745	2.44971e+06	1.64683e+06	5.918
746	2.44971e+06	1.64683e+06	5.919
747	2.44971e+06	1.64683e+06	5.92
748	2.44971e+06	1.64683e+06	5.921
749	2.44971e+06	1.64683e+06	5.922
750	2.44971e+06	1.64683e+06	5.996
751	2.45631e+06	1.65123e+06	5.997
752	2.46291e+06	1.65563e+06	5.997
753	2.46951e+06	1.66003e+06	5.997
754	2.47611e+06	1.66443e+06	5.998
755	2.48271e+06	1.66883e+06	5.999
756	2.48931e+06	1.67323e+06	6
757	2.49591e+06	1.67763e+06	6.001
758	2.50251e+06	1.68203e+06	6.002
759	2.50911e+06	1.68643e+06	6.003
760	2.51571e+06	1.69083e+06	6.076
761	2.51571e+06	1.69083e+06	6.076
762	2.51571e+06	1.69083e+06	6.077
763	2.51571e+06	1.69083e+06	6.077
764	2.51571e+06	1.69083e+06	6.078
765	2.51571e+06	1.69083e+06	6.079
766	2.51571e+06	1.69083e+06	6.08
767	2.51571e+06	1.69083e+06	6.08
768	2.51572e+06	1.69083e+06	6.081
769	2.51572e+06	1.69083e+06	6.081
770	2.51572e+06	1.69083e+06	6.154
771	2.52232e+06	1.69523e+06	6.155
772	2.52891e+06	1.69963e+06	6.155
773	2.53551e+06	1.70403e+06	6.156
774	2.54211e+06	1.70843e+06	6.156
775	2.54871e+06	1.71283e+06	6.157
776	2.55531e+06	1.71723e+06	6.158
777	2.56191e+06	1.72163e+06	6.159
778	2.56851e+06	1.72603e+06	6.16
779	2.57511e+06	1.73043e+06	6.161
780	2.58171e+06	1.73483e+06	6.233
781	2.58171e+06	1.73483e+06	6.233
782	2.58171e+06	1.73483e+06	6.234
783	2.58171e+06	1.73483e+06	6.235
784	2.58171e+06	1.73483e+06	6.236
785	2.58171e+06	1.73483e+06	6.236
786	2.58171e+06	1.73483e+06	6.237
787	2.58171e+06	1.73483e+06	6.238
788	2.58171e+06	1.73483e+06	6.239
789	2.58171e+06	1.73483e+06	6.24
790	2.58171e+06	1.73483e+06	6.313
791	2.58831e+06	1.73923e+06	6.314
792	2.59491e+06	1.74363e+06	6.315
793	2.60151e+06	1.74803e+06	6.316
794	2.60811e+06	1.75243e+06	6.317
795	2.61472e+06	1.75683e+06	6.318
796	2.62132e+06	1.76123e+06	6.319
797	2.62792e+06	1.76563e+06	6.32
798	2.63452e+06	1.77003e+06	6.321
799	2.64112e+06	1.77443e+06	6.322
800	2.64772e+06	1.77883e+06	6.395
801	2.64772e+06	1.77883e+06	6.396
802	2.64772e+06	1.77883e+06	6.397
803	2.64772e+06	1.77883e+06	6.398
804	2.64772e+06	1.77883e+06	6.399
805	2.64772e+06	1.77883e+06	6.4
806	2.64772e+06	1.77883e+06	6.401
807	2.64772e+06	1.77883e+06	6.402
808	2.64772e+06	1.77883e+06	6.402
809	2.64772e+06	1.77883e+06	6.402
810	2.64772e+06	1.77883e+06	6.475
811	2.65432e+06	1.78323e+06	6.476
812	2.65981e+06	1.78763e+06	6.477
813	2.66532e+06	1.79203e+06	6.478
814	2.67192e+06	1.79643e+06	6.479
815	2.67852e+06	1.80083e+06	6.48
816	2.68512e+06	1.80523e+06	6.481
817	2.69172e+06	1.80963e+06	6.481
818	2.69832e+06	1.81403e+06	6.482
819	2.70492e+06	1.81843e+06	6.482
820	2.71152e+06	1.82283e+06	6.555
821	2.71152e+06	1.82283e+06	6.556
822	2.71152e+06	1.82283e+06	6.556
823	2.71152e+06	1.82283e+06	6.556
824	2.71152e+06	1.82283e+06	6.557
825	2.71152e+06	1.82283e+06	6.558
826	2.71152e+06	1.82283e+06	6.559
827	2.71152e+06	1.82283e+06	6.56
828	2.71152e+06	1.82283e+06	6.561
829	2.71152e+06	1.82283e+06	6.562
830	2.71152e+06	1.82283e+06	6.635
831	2.71812e+06	1.82723e+06	6.636
832	2.72472e+06	1.83164e+06	6.637
833	2.73132e+06	1.83604e+06	6.638
834	2.73792e+06	1.84044e+06	6.639
835	2.74452e+06	1.84484e+06	6.64
836	2.75112e+06	1.84924e+06	6.64
837	2.75772e+06	1.85364e+06	6.641
838	2.76432e+06	1.85804e+06	6.641
839	2.77092e+06	1.86244e+06	6.641
840	2.77752e+06	1.86684e+06	6.714
841	2.77752e+06	1.86684e+06	6.715
842	2.77752e+06	1.86684e+06	6.716
843	2.77752e+06	1.86684e+06	6.716
844	2.77752e+06	1.86684e+06	6.717
845	2.77752e+06	1.86684e+06	6.718
846	2.77752e+06	1.86684e+06	6.719
847	2.77752e+06	1.86684e+06	6.719
848	2.77752e+06	1.86684e+06	6.72
849	2.77752e+06	1.86684e+06	6.721
850	2.77752e+06	1.86684e+06	6.794
851	2.78412e+06	1.87124e+06	6.794
852	2.79072e+06	1.87564e+06	6.795
853	2.79732e+06	1.88004e+06	6.796
854	2.80392e+06	1.88444e+06	6.797
855	2.81052e+06	1.88884e+06	6.798
856	2.81712e+06	1.89324e+06	6.799
857	2.82372e+06	1.89764e+06	6.8
858	2.83032e+06	1.90204e+06	6.801
859	2.83692e+06	1.90644e+06	6.802
860	2.84352e+06	1.91084e+06	6.875
861	2.84352e+06	1.91084e+06	6.876
862	2.84352e+06	1.91084e+06	6.876
863	2.84352e+06	1.91084e+06	6.876
864	2.84352e+06	1.91084e+06	6.877
865	2.84352e+06	1.91084e+06	6.878
866	2.84352e+06	1.91084e+06	6.879
867	2.84352e+06	1.91084e+06	6.88
868	2.84352e+06	1.91084e+06	6.881
869	2.84352e+06	1.91084e+06	6.882
870	2.84352e+06	1.91084e+06	6.955
871	2.85012e+06	1.91524e+06	6.956
872	2.85672e+06	1.91964e+06	6.957
873	2.86332e+06	1.92404e+06	6.958
874	2.86992e+06	1.92844e+06	6.958
875	2.87652e+06	1.93284e+06	6.958
876	2.88312e+06	1.93724e+06	6.959
877	2.88972e+06	1.94164e+06	6.96
878	2.89632e+06	1.94604e+06	6.961
879	2.90292e+06	1.95044e+06	6.962
880	2.90952e+06	1.95484e+06	7.035
881	2.90952e+06	1.95484e+06	7.036
882	2.90952e+06	1.95484e+06	7.037
883	2.90952e+06	1.95484e+06	7.037
884	2.90952e+06	1.95484e+06	7.038
885	2.90952e+06	1.95484e+06	7.038
886	2.90952e+06	1.95484e+06	7.039
887	2.90952e+06	1.95484e+06	7.04
888	2.90952e+06	1.95484e+06	7.041
889	2.90952e+06	1.95484e+06	7.041
890	2.90952e+06	1.95484e+06	7.114
891	2.91612e+06	1.95924e+06	7.115
892	2.92272e+06	1.96364e+06	7.115
893	2.92932e+06	1.96804e+06	7.115
894	2.93592e+06	1.97244e+06	7.116
895	2.94252e+06	1.97684e+06	7.117
896	2.94912e+06	1.98124e+06	7.118
897	2.95572e+06	1.98564e+06	7.119
898	2.96232e+06	1.99004e+06	7.119
899	2.96892e+06	1.99444e+06	7.119
900	2.97552e+06	1.99884e+06	7.191
901	2.97552e+06	1.99884e+06	7.192
902	2.97552e+06	1.99884e+06	7.193
903	2.97552e+06	1.99884e+06	7.194
904	2.97552e+06	1.99884e+06	7.195
905	2.97552e+06	1.99884e+06	7.195
906	2.97552e+06	1.99884e+06	7.196
907	2.97552e+06	1.99884e+06	7.197
908	2.97552e+06	1.99884e+06	7.198
909	2.97552e+06	1.99884e+06	7.199
910	2.97552e+06	1.99884e+06	7.272
911	2.98212e+06	2.00324e+06	7.273
912	2.98872e+06	2.00765e+06	7.273
913	2.99532e+06	2.01204e+06	7.273
914	3.00192e+06	2.01644e+06	7.273
915	3.00852e+06	2.02084e+06	7.273
916	3.01512e+06	2.02524e+06	7.274
917	3.02172e+06	2.02964e+06	7.275
918	3.02832e+06	2.03404e+06	7.276
919	3.03492e+06	2.03844e+06	7.276
920	3.04152e+06	2.04284e+06	7.349
921	3.04152e+06	2.04285e+06	7.35
922	3.04152e+06	2.04285e+06	7.35
923	3.04152e+06	2.04285e+06	7.351
924	3.04152e+06	2.04285e+06	7.352
925	3.04152e+06	2.04285e+06	7.352
926	3.04152e+06	2.04285e+06	7.352
927	3.04152e+06	2.04285e+06	7.353
928	3.04152e+06	2.04285e+06	7.354
929	3.04152e+06	2.04285e+06	7.354
930	3.04152e+06	2.04285e+06	7.427
931	3.04812e+06	2.04725e+06	7.428
932	3.05472e+06	2.05165e+06	7.429
933	3.06132e+06	2.05605e+06	7.429
934	3.06792e+06	2.06045e+06	7.43
935	3.07452e+06	2.06485e+06	7.431
936	3.08112e+06	2.06925e+06	7.432
937	3.08772e+06	2.07365e+06	7.433
938	3.09432e+06	2.07805e+06	7.434
939	3.10092e+06	2.08245e+06	7.435
940	3.10752e+06	2.08685e+06	7.507
941	3.10752e+06	2.08685e+06	7.508
942	3.10752e+06	2.08685e+06	7.508
943	3.10752e+06	2.08685e+06	7.509
944	3.10752e+06	2.08685e+06	7.51
945	3.10753e+06	2.08685e+06	7.51
946	3.10753e+06	2.08685e+06	7.511
947	3.10753e+06	2.08685e+06	7.511
948	3.10753e+06	2.08685e+06	7.512
949	3.10753e+06	2.08685e+06	7.513
950	3.10753e+06	2.08685e+06	7.586
951	3.11413e+06	2.09125e+06	7.587
952	3.12073e+06	2.09565e+06	7.588
953	3.12733e+06	2.10005e+06	7.589
954	3.13393e+06	2.10445e+06	7.589
955	3.14053e+06	2.10885e+06	7.589
956	3.14713e+06	2.11325e+06	7.59
957	3.15373e+06	2.11765e+06	7.59
958	3.16033e+06	2.12205e+06	7.591
959	3.16693e+06	2.12645e+06	7.592
960	3.17353e+06	2.13085e+06	7.665
961	3.17353e+06	2.13085e+06	7.665
962	3.17353e+06	2.13085e+06	7.666
963	3.17353e+06	2.13085e+06	7.667
964	3.17353e+06	2.13085e+06	7.668
965	3.17353e+06	2.13085e+06	7.669
966	3.17353e+06	2.13085e+06	7.669
967	3.17353e+06	2.13085e+06	7.67
968	3.17353e+06	2.13085e+06	7.671
969	3.17353e+06	2.13085e+06	7.672
970	3.17353e+06	2.13085e+06	7.744
971	3.18013e+06	2.13525e+06	7.745
972	3.18673e+06	2.13965e+06	7.746
973	3.19333e+06	2.14405e+06	7.746
974	3.19993e+06	2.14845e+06	7.746
975	3.20653e+06	2.15285e+06	7.747
976	3.21202e+06	2.15725e+06	7.748
977	3.21862e+06	2.16165e+06	7.748
978	3.22522e+06	2.16605e+06	7.749
979	3.23182e+06	2.17045e+06	7.75
980	3.23842e+06	2.17485e+06	7.823
981	3.23842e+06	2.17485e+06	7.823
982	3.23842e+06	2.17485e+06	7.824
983	3.23842e+06	2.17485e+06	7.825
984	3.23842e+06	2.17485e+06	7.826
985	3.23842e+06	2.17485e+06	7.827
986	3.23842e+06	2.17485e+06	7.828
987	3.23842e+06	2.17485e+06	7.829
988	3.23843e+06	2.17485e+06	7.83
989	3.23843e+06	2.17486e+06	7.831
990	3.23843e+06	2.17486e+06	7.904
991	3.24503e+06	2.17926e+06	7.905
992	3.25163e+06	2.18366e+06	7.906
993	3.25822e+06	2.18806e+06	7.907
994	3.26483e+06	2.19246e+06	7.908
995	3.27143e+06	2.19686e+06	7.909
996	3.27803e+06	2.20126e+06	7.909
997	3.28463e+06	2.20566e+06	7.91
998	3.29123e+06	2.21006e+06	7.91
999	3.29782e+06	2.21446e+06	7.911
1000	3.30442e+06	2.21886e+06	7.984
total	3.30442e+06	2.21886e+06	7.984
