step	total_gs	compute_gs	write_gs
1	0.191	0.186	0
2	0.379	0.369	0
3	0.564	0.549	0.001
4	0.75	0.73	0.002
5	0.935	0.911	0.003
6	1.12	1.091	0.003
7	1.306	1.272	0.004
8	1.49	1.452	0.004
9	1.675	1.633	0.004
10	1101.79	1.813	1099.94
11	6603.08	3303.41	1099.94
12	11002.8	5503.63	1099.94
13	16504.3	8805.67	1099.94
14	22005.8	12107.8	1099.94
15	27507.4	15409.6	1099.94
16	33009	18711.4	1099.94
17	38510.3	22012.9	1099.94
18	44011.9	25314.3	1099.94
19	49513.4	28616	1099.94
20	56114.9	31917.5	2200.18
21	56115.1	31917.7	2200.18
22	56115.3	31917.8	2200.18
23	56115.4	31918	2200.18
24	56115.6	31918.2	2200.18
25	56115.8	31918.4	2200.18
26	56116	31918.6	2200.18
27	56116.2	31918.7	2200.18
28	56116.4	31918.9	2200.19
29	56116.6	31919.1	2200.19
30	57216.6	31919.3	3300.08
31	62718.1	35220.9	3300.08
32	67118.2	37421.9	3300.08
33	72619.8	40723.6	3300.08
34	78121.1	44025	3300.08
35	83623.1	47326.7	3300.08
36	89124.6	50628.4	3300.09
37	94626.1	53929.9	3300.09
38	100128	57231.6	3300.09
39	105630	60533.4	3300.09
40	112232	63835.2	4400.37
41	112232	63835.4	4400.37
42	112232	63835.6	4400.37
43	112232	63835.8	4400.38
44	112233	63835.9	4400.38
45	112233	63836.1	4400.38
46	112233	63836.3	4400.38
47	112233	63836.5	4400.38
48	112233	63836.7	4400.38
49	112233	63836.8	4400.38
50	113334	63837	5500.34
51	118835	67138.7	5500.35
52	124336	70440.4	5500.35
53	128736	72640.5	5500.35
54	134238	75942.4	5500.35
55	139739	79244.5	5500.35
56	145241	82546.1	5500.35
57	150742	85847.9	5500.35
58	156244	89149.9	5500.35
59	161745	92451.8	5500.35
60	168347	95753.9	6600.29
61	168347	95754	6600.29
62	168348	95754.2	6600.29
63	168348	95754.4	6600.29
64	168348	95754.6	6600.29
65	168348	95754.8	6600.29
66	168348	95754.9	6600.29
67	168349	95755.1	6600.29
68	168349	95755.3	6600.29
69	168349	95755.5	6600.3
70	169449	95755.7	7700.16
71	174951	99057.5	7700.16
72	180452	102360	7700.16
73	185954	105661	7700.16
74	191455	108963	7700.16
75	196957	112264	7700.16
76	202459	115566	7700.16
77	206859	117766	7700.16
78	212360	121068	7700.16
79	217863	124370	7700.16
80	224464	127672	8800.05
81	224465	127672	8800.05
82	224465	127672	8800.05
83	224465	127672	8800.05
84	224465	127673	8800.05
85	224465	127673	8800.05
86	224466	127673	8800.05
87	224466	127673	8800.05
88	224466	127673	8800.05
89	224466	127673	8800.05
90	225566	127674	9900.06
91	231068	130975	9900.06
92	236570	134277	9900.06
93	242071	137579	9900.06
94	246471	139779	9900.06
95	251973	143081	9900.06
96	257474	146383	9900.06
97	262976	149685	9900.06
98	267376	151886	9900.06
99	272878	155187	9900.07
100	278378	157388	11000.5
101	278378	157388	11000.5
102	278379	157388	11000.5
103	278379	157388	11000.5
104	278379	157389	11000.5
105	278379	157389	11000.5
106	278379	157389	11000.5
107	278379	157389	11000.5
108	278380	157389	11000.5
109	278380	157389	11000.5
110	279480	157390	12100.4
111	284982	160691	12100.4
112	290483	163993	12100.4
113	295985	167295	12100.4
114	301487	169495	12100.4
115	305887	171695	12100.4
116	311389	174997	12100.4
117	316891	178299	12100.4
118	321290	180499	12100.4
119	326792	183801	12100.4
120	333394	187103	14302.3
121	333394	187103	14302.3
122	333394	187104	14302.3
123	333394	187104	14302.3
124	333394	187104	14302.3
125	333394	187104	14302.3
126	333395	187104	14302.3
127	333395	187104	14302.3
128	333395	187105	14302.3
129	333395	187105	14302.3
130	334495	187105	15402.4
131	339997	190407	15402.4
132	345499	193709	15402.4
133	349899	195909	15402.4
134	355400	199211	15402.4
135	359800	201412	15402.4
136	365302	204713	15402.4
137	369702	206913	15402.4
138	375204	210215	15402.4
139	379604	212415	15402.4
140	386205	215717	16502.6
141	386205	215717	16502.6
142	386206	215717	16502.6
143	386206	215718	16502.6
144	386206	215718	16502.6
145	386206	215718	16502.6
146	386206	215718	16502.6
147	386207	215718	16502.6
148	386207	215718	16502.6
149	386207	215719	16502.6
150	387307	215719	17602.5
151	391707	217919	17602.5
152	397208	220119	17602.5
153	402710	223421	17602.5
154	407110	225621	17602.5
155	412611	228923	17602.5
156	418113	232225	17602.5
157	422513	234425	17602.5
158	428015	237727	17602.5
159	433516	241028	17602.5
160	440118	244330	18702.5
161	440118	244330	18702.5
162	440118	244330	18702.5
163	440118	244330	18702.5
164	440119	244331	18702.5
165	440119	244331	18702.5
166	440119	244331	18702.5
167	440119	244331	18702.5
168	440119	244331	18702.5
169	440119	244332	18702.5
170	441219	244332	19802.4
171	445620	246532	19802.4
172	451121	249833	19802.4
173	456622	252034	19802.4
174	462124	255335	19802.4
175	467625	258637	19802.4
176	473126	261939	19802.4
177	478628	265240	19802.4
178	484130	268542	19802.4
179	489631	271844	19802.4
180	496233	275145	20902.4
181	496233	275146	20902.4
182	496233	275146	20902.4
183	496233	275146	20902.4
184	496233	275146	20902.4
185	496234	275146	20902.4
186	496234	275147	20902.4
187	496234	275147	20902.4
188	496234	275147	20902.4
189	496234	275147	20902.4
190	497334	275147	22002.3
191	501734	277348	22002.3
192	507236	280650	22002.3
193	512737	283951	22002.3
194	518239	287253	22002.3
195	523741	290555	22002.3
196	523741	290555	22002.3
197	523741	290555	22002.3
198	523741	290555	22002.3
199	523741	290556	22002.3
200	524841	290556	23101.7
201	530342	293857	23101.7
202	535844	297159	23101.7
203	541345	300461	23101.7
204	546847	303762	23101.7
205	552348	307064	23101.7
206	557850	310366	23101.7
207	562250	312566	23101.7
208	567752	315867	23101.7
209	573254	319169	23101.7
210	578754	321369	24201.9
211	578754	321369	24201.9
212	578754	321370	24201.9
213	578754	321370	24201.9
214	578754	321370	24201.9
215	578755	321370	24201.9
216	578755	321370	24201.9
217	578755	321370	24201.9
218	578755	321371	24201.9
219	578755	321371	24201.9
220	579856	321371	25301.9
221	585357	324673	25302
222	590858	327974	25302
223	596360	331276	25302
224	600760	333476	25302
225	606261	336778	25302
226	610661	338978	25302
227	616163	342280	25302
228	621664	345581	25302
229	626064	347782	25302
230	631564	349982	26402.2
231	631564	349982	26402.2
232	631564	349982	26402.2
233	631565	349982	26402.2
234	631565	349982	26402.2
235	631565	349983	26402.2
236	631565	349983	26402.2
237	631565	349983	26402.2
238	631566	349983	26402.2
239	631566	349983	26402.2
240	632666	349984	27502
241	638167	353285	27502
242	643669	356587	27502
243	648069	358787	27502
244	653570	362089	27502
245	659072	365391	27502
246	664573	368692	27502
247	670075	371994	27502
248	675576	375295	27502
249	681077	378597	27502
250	687679	381899	28601.9
251	687679	381899	28601.9
252	687680	381899	28601.9
253	687680	381899	28601.9
254	687680	381900	28601.9
255	687680	381900	28601.9
256	687680	381900	28601.9
257	687681	381900	28601.9
258	687681	381900	28601.9
259	687681	381901	28601.9
260	688781	381901	29702
261	694283	385203	29702
262	699784	388505	29702
263	705286	391807	29702
264	710787	395109	29702
265	716288	398410	29702
266	721790	401712	29702
267	727292	405014	29702
268	732794	408316	29702
269	738295	411618	29702
270	743796	413818	30802.3
271	743796	413819	30802.3
272	743796	413819	30802.3
273	743796	413819	30802.3
274	743796	413819	30802.3
275	743796	413819	30802.3
276	743797	413819	30802.3
277	743797	413820	30802.3
278	743797	413820	30802.3
279	743797	413820	30802.3
280	744897	413820	31902.4
281	749298	417122	31902.4
282	754799	421520	31902.4
283	759199	423721	31902.4
284	764701	427022	31902.4
285	769101	429223	31902.4
286	774602	432525	31902.4
287	780104	435826	31902.4
288	785605	439128	31902.4
289	791107	442430	31902.4
290	797708	445732	33002.2
291	797708	445732	33002.2
292	797709	445732	33002.2
293	797709	445732	33002.2
294	797709	445732	33002.2
295	797709	445733	33002.2
296	797709	445733	33002.2
297	797709	445733	33002.2
298	797710	445733	33002.2
299	797710	445733	33002.2
300	798810	445733	34102
301	804311	449035	34102
302	809813	452337	34102.1
303	815314	455638	34102.1
304	820816	458940	34102.1
305	826317	462242	34102.1
306	831819	465543	34102.1
307	837321	468845	34102.1
308	842822	472147	34102.1
309	848324	475449	34102.1
310	853824	477649	35202.3
311	853824	477649	35202.3
312	853824	477649	35202.3
313	853824	477650	35202.3
314	853824	477650	35202.3
315	853825	477650	35202.3
316	853825	477650	35202.3
317	853825	477650	35202.3
318	853825	477650	35202.3
319	853825	477651	35202.3
320	854925	477651	36302.1
321	859325	479851	36302.1
322	864827	483152	36302.1
323	870328	486454	36302.1
324	875830	489756	36302.1
325	881331	493057	36302.1
326	886833	496359	36302.1
327	891233	498559	36302.1
328	896734	501861	36302.1
329	902236	505163	36302.1
330	908838	508464	37402.3
331	908838	508465	37402.3
332	908838	508465	37402.3
333	908838	508465	37402.4
334	908838	508465	37402.4
335	908838	508465	37402.4
336	908839	508465	37402.4
337	908839	508466	37402.4
338	908839	508466	37402.4
339	908839	508466	37402.4
340	909939	508466	38502
341	915441	511768	38502
342	920942	515070	38502
343	926444	518372	38502
344	930844	520572	38502
345	936345	523874	38502
346	940745	526074	38502
347	946247	529376	38502
348	951748	532678	38502
349	957250	535980	38502
350	962750	538180	39602.1
351	962750	538180	39602.1
352	962750	538180	39602.1
353	962751	538181	39602.1
354	962751	538181	39602.1
355	962751	538181	39602.1
356	962751	538181	39602.1
357	962751	538181	39602.1
358	962752	538181	39602.1
359	962752	538182	39602.1
360	963852	538182	40702
361	969354	541484	40702
362	974856	544786	40702
363	980358	548088	40702
364	985860	551390	40702
365	991362	554692	40702
366	996864	557994	40702
367	1.00237e+06	561296	40702
368	1.00787e+06	564597	40702
369	1.01227e+06	566797	40702
370	1.01887e+06	570099	41801.5
371	1.01887e+06	570099	41801.5
372	1.01887e+06	570099	41801.5
373	1.01887e+06	570099	41801.5
374	1.01887e+06	570100	41801.5
375	1.01887e+06	570100	41801.5
376	1.01887e+06	570100	41801.5
377	1.01887e+06	570100	41801.5
378	1.01887e+06	570100	41801.5
379	1.01887e+06	570101	41801.5
380	1.01997e+06	570101	42901.6
381	1.02437e+06	572301	42901.6
382	1.02877e+06	574501	42901.6
383	1.03427e+06	577803	42901.6
384	1.03977e+06	581105	42901.6
385	1.04417e+06	583305	42901.6
386	1.04857e+06	586608	42901.6
387	1.05297e+06	588808	42901.6
388	1.05848e+06	592109	42901.6
389	1.06398e+06	595411	42901.6
390	1.07058e+06	598713	44001.7
391	1.07058e+06	598714	44001.7
392	1.07058e+06	598714	44001.7
393	1.07058e+06	598714	44001.7
394	1.07058e+06	598714	44001.7
395	1.07058e+06	598714	44001.7
396	1.07058e+06	598714	44001.7
397	1.07058e+06	598715	44001.7
398	1.07058e+06	598715	44001.7
399	1.07058e+06	598715	44001.7
400	1.07168e+06	598715	45101.4
401	1.07718e+06	602017	45101.4
402	1.08158e+06	604217	45101.4
403	1.08708e+06	607519	45101.4
404	1.09258e+06	610821	45101.4
405	1.09809e+06	614123	45101.4
406	1.10249e+06	616323	45101.4
407	1.10799e+06	619625	45101.4
408	1.11349e+06	622927	45101.4
409	1.11899e+06	626229	45101.4
410	1.12559e+06	629531	47303.6
411	1.12559e+06	629531	47303.6
412	1.12559e+06	629531	47303.6
413	1.12559e+06	629531	47303.6
414	1.12559e+06	629531	47303.6
415	1.12559e+06	629532	47303.6
416	1.12559e+06	629532	47303.6
417	1.12559e+06	629532	47303.6
418	1.12559e+06	629532	47303.6
419	1.12559e+06	629532	47303.6
420	1.12669e+06	629532	48403.6
421	1.1322e+06	632835	48403.6
422	1.1377e+06	636137	48403.6
423	1.1432e+06	639439	48403.6
424	1.1487e+06	642741	48403.6
425	1.1542e+06	646042	48403.6
426	1.15971e+06	649345	48403.6
427	1.16521e+06	652647	48403.6
428	1.17071e+06	655949	48403.6
429	1.17621e+06	659251	48403.6
430	1.18281e+06	662553	49503.9
431	1.18281e+06	662553	49503.9
432	1.18281e+06	662553	49503.9
433	1.18281e+06	662554	49503.9
434	1.18281e+06	662554	49503.9
435	1.18281e+06	662554	49503.9
436	1.18281e+06	662554	49503.9
437	1.18281e+06	662554	49503.9
438	1.18281e+06	662554	49503.9
439	1.18281e+06	662555	49503.9
440	1.18391e+06	662555	50603.4
441	1.18942e+06	665857	50603.4
442	1.19382e+06	668057	50603.4
443	1.19932e+06	671358	50603.4
444	1.20262e+06	673558	50603.4
445	1.20812e+06	676860	50603.4
446	1.21362e+06	680162	50603.4
447	1.21912e+06	683464	50603.4
448	1.22462e+06	686766	50603.4
449	1.23012e+06	690068	50603.4
450	1.23673e+06	693370	51703.5
451	1.23673e+06	693370	51703.5
452	1.23673e+06	693371	51703.5
453	1.23673e+06	693371	51703.5
454	1.23673e+06	693371	51703.5
455	1.23673e+06	693371	51703.5
456	1.23673e+06	693371	51703.5
457	1.23673e+06	693371	51703.5
458	1.23673e+06	693372	51703.5
459	1.23673e+06	693372	51703.5
460	1.23783e+06	693372	52803.5
461	1.24333e+06	696674	52803.5
462	1.24883e+06	699976	52803.5
463	1.25433e+06	703278	52803.5
464	1.25873e+06	705478	52803.5
465	1.26423e+06	708780	52803.5
466	1.26974e+06	712082	52803.5
467	1.27414e+06	714281	52803.5
468	1.27964e+06	717583	52803.5
469	1.28514e+06	720885	52803.5
470	1.29174e+06	724187	53903.9
471	1.29174e+06	724187	53903.9
472	1.29174e+06	724187	53903.9
473	1.29174e+06	724188	53903.9
474	1.29174e+06	724188	53903.9
475	1.29174e+06	724188	53903.9
476	1.29174e+06	724188	53903.9
477	1.29174e+06	724188	53903.9
478	1.29174e+06	724188	53904
479	1.29174e+06	724189	53904
480	1.29284e+06	724189	55004
481	1.29835e+06	727491	55004
482	1.30385e+06	730793	55004
483	1.30935e+06	734095	55004
484	1.31485e+06	737397	55004
485	1.32035e+06	740699	55004
486	1.32586e+06	744001	55004
487	1.33136e+06	747303	55004
488	1.33686e+06	750605	55004
489	1.34236e+06	753907	55004
490	1.34896e+06	757209	56103.8
491	1.34896e+06	757209	56103.8
492	1.34896e+06	757209	56103.8
493	1.34896e+06	757209	56103.8
494	1.34896e+06	757209	56103.8
495	1.34896e+06	757210	56103.8
496	1.34896e+06	757210	56103.8
497	1.34896e+06	757210	56103.8
498	1.34896e+06	757210	56103.8
499	1.34896e+06	757210	56103.8
500	1.35006e+06	757211	57203.7
501	1.35557e+06	760513	57203.7
502	1.36107e+06	763814	57203.7
503	1.36657e+06	767116	57203.7
504	1.37207e+06	770418	57203.7
505	1.37647e+06	773720	57203.7
506	1.38197e+06	778118	57203.7
507	1.38637e+06	780318	57203.7
508	1.39187e+06	783620	57203.7
509	1.39738e+06	786922	57203.7
510	1.40398e+06	790224	58303.7
511	1.40398e+06	790224	58303.7
512	1.40398e+06	790224	58303.7
513	1.40398e+06	790225	58303.7
514	1.40398e+06	790225	58303.7
515	1.40398e+06	790225	58303.7
516	1.40398e+06	790225	58303.7
517	1.40398e+06	790225	58303.7
518	1.40398e+06	790225	58303.7
519	1.40398e+06	790226	58303.7
520	1.40508e+06	790226	59403.5
521	1.41058e+06	793528	59403.5
522	1.41498e+06	796830	59403.5
523	1.42048e+06	800132	59403.5
524	1.42598e+06	803434	59403.5
525	1.43149e+06	806736	59403.5
526	1.43589e+06	810038	59403.5
527	1.44139e+06	814436	59403.5
528	1.44689e+06	817738	59403.5
529	1.45129e+06	821040	59403.5
530	1.45789e+06	824342	60503.8
531	1.45789e+06	824342	60503.8
532	1.45789e+06	824342	60503.8
533	1.45789e+06	824342	60503.8
534	1.45789e+06	824342	60503.9
535	1.45789e+06	824343	60503.9
536	1.45789e+06	824343	60503.9
537	1.45789e+06	824343	60503.9
538	1.45789e+06	824343	60503.9
539	1.45789e+06	824343	60503.9
540	1.45899e+06	824343	61603.8
541	1.46449e+06	827645	61603.8
542	1.47e+06	830947	61603.8
543	1.4755e+06	834249	61603.8
544	1.481e+06	837551	61603.8
545	1.4865e+06	840853	61603.8
546	1.492e+06	844155	61603.8
547	1.49751e+06	847457	61603.8
548	1.50301e+06	850759	61603.8
549	1.50851e+06	854061	61603.8
550	1.51511e+06	857363	62703.8
551	1.51511e+06	857363	62703.8
552	1.51511e+06	857363	62703.8
553	1.51511e+06	857364	62703.8
554	1.51511e+06	857364	62703.8
555	1.51511e+06	857364	62703.8
556	1.51511e+06	857364	62703.8
557	1.51511e+06	857364	62703.8
558	1.51511e+06	857364	62703.8
559	1.51511e+06	857365	62703.8
560	1.51621e+06	857365	63803.7
561	1.52172e+06	860667	63803.7
562	1.52611e+06	862867	63803.7
563	1.53162e+06	866168	63803.7
564	1.53602e+06	869470	63803.7
565	1.54042e+06	872767	63803.7
566	1.54592e+06	876069	63803.7
567	1.55032e+06	879371	63803.7
568	1.55582e+06	882673	63803.7
569	1.56132e+06	885975	63803.7
570	1.56792e+06	889277	64903.3
571	1.56792e+06	889277	64903.3
572	1.56792e+06	889277	64903.3
573	1.56792e+06	889278	64903.3
574	1.56792e+06	889278	64903.3
575	1.56792e+06	889278	64903.3
576	1.56792e+06	889278	64903.3
577	1.56793e+06	889279	64903.3
578	1.56793e+06	889279	64903.3
579	1.56793e+06	889279	64903.3
580	1.56903e+06	889279	66003.2
581	1.57343e+06	891480	66003.2
582	1.57893e+06	894782	66003.2
583	1.58443e+06	898084	66003.2
584	1.58883e+06	901386	66003.2
585	1.59433e+06	904688	66003.2
586	1.59983e+06	907990	66003.2
587	1.60423e+06	911292	66003.2
588	1.60643e+06	912394	66003.2
589	1.61194e+06	915696	66003.2
590	1.61744e+06	917896	67103.9
591	1.61744e+06	917897	67103.9
592	1.61744e+06	917897	67103.9
593	1.61744e+06	917897	67103.9
594	1.61744e+06	917897	67103.9
595	1.61744e+06	917897	67103.9
596	1.61744e+06	917897	67103.9
597	1.61744e+06	917898	67103.9
598	1.61744e+06	917898	67103.9
599	1.61744e+06	917898	67103.9
600	1.61854e+06	917898	68203.6
601	1.62404e+06	921200	68203.6
602	1.62844e+06	923401	68203.6
603	1.63394e+06	926702	68203.6
604	1.63834e+06	928902	68203.6
605	1.64384e+06	932203	68203.6
606	1.64824e+06	934404	68203.6
607	1.65374e+06	937706	68203.6
608	1.65924e+06	941008	68203.6
609	1.66475e+06	944310	68203.6
610	1.67135e+06	947611	69303.9
611	1.67135e+06	947612	69303.9
612	1.67135e+06	947612	69303.9
613	1.67135e+06	947612	69303.9
614	1.67135e+06	947612	69303.9
615	1.67135e+06	947612	69303.9
616	1.67135e+06	947613	69303.9
617	1.67135e+06	947613	69303.9
618	1.67135e+06	947613	69303.9
619	1.67135e+06	947613	69303.9
620	1.67245e+06	947613	70403.5
621	1.67795e+06	950915	70403.5
622	1.68345e+06	954217	70403.5
623	1.68896e+06	957519	70403.5
624	1.69446e+06	959720	70403.5
625	1.69996e+06	963022	70403.5
626	1.70546e+06	966324	70403.5
627	1.71096e+06	969625	70403.5
628	1.71866e+06	972927	70403.5
629	1.72526e+06	977328	70403.5
630	1.73407e+06	982829	71503.5
631	1.74176e+06	987229	71503.5
632	1.74727e+06	990531	71503.5
633	1.75277e+06	993833	71503.5
634	1.75827e+06	997136	71503.5
635	1.76377e+06	1.00044e+06	71503.5
636	1.76817e+06	1.00264e+06	71503.5
637	1.77367e+06	1.00594e+06	71503.5
638	1.77917e+06	1.00924e+06	71503.5
639	1.78468e+06	1.01254e+06	71503.5
640	1.79018e+06	1.01474e+06	72603.4
641	1.79018e+06	1.01474e+06	72603.4
642	1.79018e+06	1.01475e+06	72603.4
643	1.79018e+06	1.01475e+06	72603.4
644	1.79018e+06	1.01475e+06	72603.4
645	1.79018e+06	1.01475e+06	72603.4
646	1.79018e+06	1.01475e+06	72603.4
647	1.79018e+06	1.01475e+06	72603.4
648	1.79018e+06	1.01475e+06	72603.4
649	1.79018e+06	1.01475e+06	72603.4
650	1.79128e+06	1.01475e+06	73703.4
651	1.79678e+06	1.01805e+06	73703.4
652	1.80228e+06	1.02135e+06	73703.4
653	1.80668e+06	1.02355e+06	73703.4
654	1.81218e+06	1.02685e+06	73703.4
655	1.81658e+06	1.03015e+06	73703.4
656	1.82209e+06	1.03455e+06	73703.4
657	1.82759e+06	1.03786e+06	73703.4
658	1.83309e+06	1.04116e+06	73703.4
659	1.83749e+06	1.04336e+06	73703.4
660	1.84409e+06	1.04666e+06	74803.5
661	1.84409e+06	1.04666e+06	74803.5
662	1.84409e+06	1.04666e+06	74803.5
663	1.84409e+06	1.04666e+06	74803.5
664	1.84409e+06	1.04666e+06	74803.5
665	1.84409e+06	1.04666e+06	74803.5
666	1.84409e+06	1.04666e+06	74803.5
667	1.84409e+06	1.04666e+06	74803.5
668	1.84409e+06	1.04666e+06	74803.5
669	1.84409e+06	1.04666e+06	74803.5
670	1.84519e+06	1.04666e+06	75903.7
671	1.8507e+06	1.04996e+06	75903.7
672	1.8562e+06	1.05326e+06	75903.7
673	1.8617e+06	1.05657e+06	75903.7
674	1.8672e+06	1.05987e+06	75903.7
675	1.8727e+06	1.06317e+06	75903.7
676	1.8782e+06	1.06647e+06	75903.7
677	1.88371e+06	1.06978e+06	75903.7
678	1.88921e+06	1.07308e+06	75903.7
679	1.89471e+06	1.07638e+06	75903.7
680	1.90131e+06	1.07968e+06	77003.7
681	1.90131e+06	1.07968e+06	77003.7
682	1.90131e+06	1.07968e+06	77003.7
683	1.90131e+06	1.07968e+06	77003.7
684	1.90131e+06	1.07968e+06	77003.7
685	1.90131e+06	1.07968e+06	77003.7
686	1.90131e+06	1.07968e+06	77003.7
687	1.90131e+06	1.07968e+06	77003.7
688	1.90131e+06	1.07968e+06	77003.7
689	1.90131e+06	1.07968e+06	77003.7
690	1.90241e+06	1.07968e+06	78104.2
691	1.90791e+06	1.08298e+06	78104.2
692	1.91342e+06	1.08629e+06	78104.2
693	1.91672e+06	1.08849e+06	78104.2
694	1.92222e+06	1.09179e+06	78104.2
695	1.92772e+06	1.09509e+06	78104.2
696	1.93212e+06	1.09729e+06	78104.2
697	1.93762e+06	1.10059e+06	78104.2
698	1.94202e+06	1.1039e+06	78104.2
699	1.94752e+06	1.1072e+06	78104.2
700	1.95412e+06	1.1105e+06	79204.3
701	1.95412e+06	1.1105e+06	79204.3
702	1.95412e+06	1.1105e+06	79204.3
703	1.95412e+06	1.1105e+06	79204.3
704	1.95412e+06	1.1105e+06	79204.3
705	1.95412e+06	1.1105e+06	79204.3
706	1.95412e+06	1.1105e+06	79204.3
707	1.95412e+06	1.1105e+06	79204.3
708	1.95412e+06	1.1105e+06	79204.3
709	1.95412e+06	1.1105e+06	79204.3
710	1.95522e+06	1.1105e+06	80304.2
711	1.96073e+06	1.1138e+06	80304.2
712	1.96513e+06	1.116e+06	80304.2
713	1.96953e+06	1.1182e+06	80304.2
714	1.97503e+06	1.12151e+06	80304.2
715	1.98053e+06	1.12481e+06	80304.2
716	1.98493e+06	1.12811e+06	80304.2
717	1.99043e+06	1.13141e+06	80304.2
718	1.99593e+06	1.13471e+06	80304.2
719	2.00144e+06	1.13802e+06	80304.2
720	2.00804e+06	1.14132e+06	81404.1
721	2.00804e+06	1.14132e+06	81404.1
722	2.00804e+06	1.14132e+06	81404.1
723	2.00804e+06	1.14132e+06	81404.1
724	2.00804e+06	1.14132e+06	81404.1
725	2.00804e+06	1.14132e+06	81404.1
726	2.00804e+06	1.14132e+06	81404.1
727	2.00804e+06	1.14132e+06	81404.1
728	2.00804e+06	1.14132e+06	81404.1
729	2.00804e+06	1.14132e+06	81404.1
730	2.00914e+06	1.14132e+06	82504.2
731	2.01464e+06	1.14462e+06	82504.2
732	2.02014e+06	1.14792e+06	82504.2
733	2.02564e+06	1.15122e+06	82504.2
734	2.03115e+06	1.15453e+06	82504.2
735	2.03665e+06	1.15783e+06	82504.2
736	2.04215e+06	1.16113e+06	82504.2
737	2.04765e+06	1.16443e+06	82504.2
738	2.05315e+06	1.16773e+06	82504.2
739	2.05865e+06	1.17104e+06	82504.2
740	2.06415e+06	1.17324e+06	83604.4
741	2.06415e+06	1.17324e+06	83604.4
742	2.06415e+06	1.17324e+06	83604.4
743	2.06415e+06	1.17324e+06	83604.4
744	2.06416e+06	1.17324e+06	83604.4
745	2.06416e+06	1.17324e+06	83604.4
746	2.06416e+06	1.17324e+06	83604.4
747	2.06416e+06	1.17324e+06	83604.4
748	2.06416e+06	1.17324e+06	83604.4
749	2.06416e+06	1.17324e+06	83604.4
750	2.06526e+06	1.17324e+06	84704.5
751	2.06966e+06	1.17544e+06	84704.5
752	2.07516e+06	1.17874e+06	84704.5
753	2.08066e+06	1.18204e+06	84704.5
754	2.08506e+06	1.18424e+06	84704.5
755	2.09056e+06	1.18754e+06	84704.5
756	2.09606e+06	1.19085e+06	84704.5
757	2.10157e+06	1.19415e+06	84704.5
758	2.10707e+06	1.19745e+06	84704.5
759	2.11257e+06	1.20075e+06	84704.5
760	2.11917e+06	1.20405e+06	85804.5
761	2.11917e+06	1.20405e+06	85804.5
762	2.11917e+06	1.20405e+06	85804.5
763	2.11917e+06	1.20405e+06	85804.5
764	2.11917e+06	1.20405e+06	85804.6
765	2.11917e+06	1.20405e+06	85804.6
766	2.11917e+06	1.20405e+06	85804.6
767	2.11917e+06	1.20405e+06	85804.6
768	2.11917e+06	1.20405e+06	85804.6
769	2.11917e+06	1.20405e+06	85804.6
770	2.12027e+06	1.20405e+06	86903.7
771	2.12467e+06	1.20625e+06	86903.7
772	2.12907e+06	1.20845e+06	86903.7
773	2.13457e+06	1.21176e+06	86903.7
774	2.14007e+06	1.21506e+06	86903.7
775	2.14558e+06	1.21836e+06	86903.7
776	2.15108e+06	1.22166e+06	86903.7
777	2.15658e+06	1.22496e+06	86903.7
778	2.16098e+06	1.22716e+06	86903.7
779	2.16648e+06	1.23047e+06	86903.7
780	2.17198e+06	1.23267e+06	88004
781	2.17198e+06	1.23267e+06	88004
782	2.17198e+06	1.23267e+06	88004
783	2.17198e+06	1.23267e+06	88004
784	2.17198e+06	1.23267e+06	88004
785	2.17198e+06	1.23267e+06	88004
786	2.17198e+06	1.23267e+06	88004
787	2.17198e+06	1.23267e+06	88004
788	2.17198e+06	1.23267e+06	88004
789	2.17198e+06	1.23267e+06	88004
790	2.17308e+06	1.23267e+06	89104
791	2.17858e+06	1.23597e+06	89104
792	2.18298e+06	1.23817e+06	89104
793	2.18849e+06	1.24147e+06	89104
794	2.19399e+06	1.24477e+06	89104
795	2.19949e+06	1.24808e+06	89104
796	2.20499e+06	1.25138e+06	89104
797	2.21049e+06	1.25468e+06	89104
798	2.21489e+06	1.25688e+06	89104
799	2.2204e+06	1.26018e+06	89104
800	2.227e+06	1.26348e+06	90204.2
801	2.227e+06	1.26348e+06	90204.2
802	2.227e+06	1.26348e+06	90204.2
803	2.227e+06	1.26348e+06	90204.2
804	2.227e+06	1.26348e+06	90204.2
805	2.227e+06	1.26348e+06	90204.2
806	2.227e+06	1.26348e+06	90204.2
807	2.227e+06	1.26348e+06	90204.2
808	2.227e+06	1.26348e+06	90204.2
809	2.227e+06	1.26348e+06	90204.2
810	2.2281e+06	1.26348e+06	91304.8
811	2.2336e+06	1.26679e+06	91304.8
812	2.238e+06	1.27009e+06	91304.8
813	2.2435e+06	1.27449e+06	91304.8
814	2.24901e+06	1.27779e+06	91304.8
815	2.25451e+06	1.28109e+06	91304.8
816	2.26001e+06	1.28439e+06	91304.8
817	2.26551e+06	1.2877e+06	91304.8
818	2.26991e+06	1.2899e+06	91304.8
819	2.27541e+06	1.2932e+06	91304.8
820	2.28202e+06	1.2965e+06	92405.2
821	2.28202e+06	1.2965e+06	92405.2
822	2.28202e+06	1.2965e+06	92405.2
823	2.28202e+06	1.2965e+06	92405.2
824	2.28202e+06	1.2965e+06	92405.2
825	2.28202e+06	1.2965e+06	92405.2
826	2.28202e+06	1.2965e+06	92405.2
827	2.28202e+06	1.2965e+06	92405.2
828	2.28202e+06	1.2965e+06	92405.2
829	2.28202e+06	1.2965e+06	92405.2
830	2.28312e+06	1.2965e+06	93505.2
831	2.28862e+06	1.2998e+06	93505.2
832	2.29412e+06	1.30311e+06	93505.2
833	2.29852e+06	1.30531e+06	93505.2
834	2.30402e+06	1.30861e+06	93505.2
835	2.30952e+06	1.31191e+06	93505.2
836	2.31503e+06	1.31521e+06	93505.2
837	2.32053e+06	1.31851e+06	93505.2
838	2.32603e+06	1.32182e+06	93505.2
839	2.33153e+06	1.32512e+06	93505.2
840	2.33703e+06	1.32732e+06	94605.3
841	2.33703e+06	1.32732e+06	94605.3
842	2.33703e+06	1.32732e+06	94605.3
843	2.33703e+06	1.32732e+06	94605.3
844	2.33703e+06	1.32732e+06	94605.3
845	2.33703e+06	1.32732e+06	94605.3
846	2.33703e+06	1.32732e+06	94605.3
847	2.33703e+06	1.32732e+06	94605.3
848	2.33703e+06	1.32732e+06	94605.3
849	2.33703e+06	1.32732e+06	94605.3
850	2.33813e+06	1.32732e+06	95704.9
851	2.34363e+06	1.33062e+06	95704.9
852	2.34914e+06	1.33392e+06	95704.9
853	2.35464e+06	1.33723e+06	95704.9
854	2.36014e+06	1.34053e+06	95704.9
855	2.36564e+06	1.34383e+06	95704.9
856	2.37114e+06	1.34713e+06	95704.9
857	2.37665e+06	1.35043e+06	95704.9
858	2.38215e+06	1.35373e+06	95704.9
859	2.38765e+06	1.35704e+06	95704.9
860	2.39425e+06	1.36034e+06	96805.6
861	2.39425e+06	1.36034e+06	96805.6
862	2.39425e+06	1.36034e+06	96805.6
863	2.39425e+06	1.36034e+06	96805.6
864	2.39425e+06	1.36034e+06	96805.6
865	2.39425e+06	1.36034e+06	96805.6
866	2.39425e+06	1.36034e+06	96805.6
867	2.39425e+06	1.36034e+06	96805.6
868	2.39425e+06	1.36034e+06	96805.6
869	2.39425e+06	1.36034e+06	96805.6
870	2.39535e+06	1.36034e+06	97905
871	2.40085e+06	1.36364e+06	97905
872	2.40525e+06	1.36584e+06	97905
873	2.40965e+06	1.36804e+06	97905
874	2.41516e+06	1.37134e+06	97905
875	2.42066e+06	1.37465e+06	97905
876	2.42616e+06	1.37795e+06	97905
877	2.43166e+06	1.38125e+06	97905
878	2.43716e+06	1.38455e+06	97905
879	2.44266e+06	1.38785e+06	97905
880	2.44926e+06	1.39115e+06	99005.4
881	2.44926e+06	1.39115e+06	99005.4
882	2.44927e+06	1.39115e+06	99005.4
883	2.44927e+06	1.39115e+06	99005.4
884	2.44927e+06	1.39115e+06	99005.4
885	2.44927e+06	1.39115e+06	99005.4
886	2.44927e+06	1.39115e+06	99005.4
887	2.44927e+06	1.39115e+06	99005.4
888	2.44927e+06	1.39115e+06	99005.4
889	2.44927e+06	1.39116e+06	99005.4
890	2.45037e+06	1.39116e+06	100105
891	2.45587e+06	1.39446e+06	100105
892	2.46137e+06	1.39776e+06	100105
893	2.46687e+06	1.40106e+06	100105
894	2.47237e+06	1.40436e+06	100105
895	2.47787e+06	1.40766e+06	100105
896	2.48338e+06	1.40986e+06	100105
897	2.48888e+06	1.41206e+06	100105
898	2.49438e+06	1.41537e+06	100105
899	2.49988e+06	1.41867e+06	100105
900	2.50538e+06	1.42087e+06	101205
901	2.50538e+06	1.42087e+06	101205
902	2.50538e+06	1.42087e+06	101205
903	2.50538e+06	1.42087e+06	101205
904	2.50538e+06	1.42087e+06	101205
905	2.50538e+06	1.42087e+06	101205
906	2.50538e+06	1.42087e+06	101205
907	2.50538e+06	1.42087e+06	101205
908	2.50538e+06	1.42087e+06	101205
909	2.50538e+06	1.42087e+06	101205
910	2.50648e+06	1.42087e+06	102305
911	2.51198e+06	1.42417e+06	102305
912	2.51749e+06	1.42747e+06	102305
913	2.52189e+06	1.42967e+06	102305
914	2.52739e+06	1.43298e+06	102305
915	2.53289e+06	1.43628e+06	102305
916	2.53839e+06	1.43958e+06	102305
917	2.54279e+06	1.44178e+06	102305
918	2.54829e+06	1.44508e+06	102305
919	2.55379e+06	1.44838e+06	102305
920	2.5604e+06	1.45168e+06	103405
921	2.5604e+06	1.45168e+06	103405
922	2.5604e+06	1.45168e+06	103405
923	2.5604e+06	1.45168e+06	103405
924	2.5604e+06	1.45168e+06	103405
925	2.5604e+06	1.45168e+06	103405
926	2.5604e+06	1.45168e+06	103405
927	2.5604e+06	1.45168e+06	103405
928	2.5604e+06	1.45168e+06	103405
929	2.5604e+06	1.45168e+06	103405
930	2.5615e+06	1.45169e+06	104505
931	2.567e+06	1.45499e+06	104505
932	2.5725e+06	1.45829e+06	104505
933	2.578e+06	1.46159e+06	104505
934	2.5835e+06	1.46379e+06	104505
935	2.58901e+06	1.46709e+06	104505
936	2.59451e+06	1.47039e+06	104505
937	2.60001e+06	1.4737e+06	104505
938	2.60551e+06	1.477e+06	104505
939	2.61101e+06	1.4803e+06	104505
940	2.61651e+06	1.4825e+06	105605
941	2.61651e+06	1.4825e+06	105605
942	2.61651e+06	1.4825e+06	105605
943	2.61651e+06	1.4825e+06	105605
944	2.61651e+06	1.4825e+06	105605
945	2.61651e+06	1.4825e+06	105605
946	2.61651e+06	1.4825e+06	105605
947	2.61651e+06	1.4825e+06	105605
948	2.61651e+06	1.4825e+06	105605
949	2.61651e+06	1.4825e+06	105605
950	2.61761e+06	1.4825e+06	106705
951	2.62312e+06	1.4858e+06	106705
952	2.62862e+06	1.48911e+06	106705
953	2.63412e+06	1.49241e+06	106705
954	2.63962e+06	1.49571e+06	106705
955	2.64402e+06	1.49791e+06	106705
956	2.64952e+06	1.50121e+06	106705
957	2.65502e+06	1.50451e+06	106705
958	2.66053e+06	1.50782e+06	106705
959	2.66603e+06	1.51112e+06	106705
960	2.67263e+06	1.51442e+06	107805
961	2.67263e+06	1.51442e+06	107805
962	2.67263e+06	1.51442e+06	107805
963	2.67263e+06	1.51442e+06	107805
964	2.67263e+06	1.51442e+06	107805
965	2.67263e+06	1.51442e+06	107805
966	2.67263e+06	1.51442e+06	107805
967	2.67263e+06	1.51442e+06	107805
968	2.67263e+06	1.51442e+06	107805
969	2.67263e+06	1.51442e+06	107805
970	2.67373e+06	1.51442e+06	108905
971	2.67923e+06	1.51772e+06	108905
972	2.68474e+06	1.52102e+06	108905
973	2.69024e+06	1.52433e+06	108905
974	2.69574e+06	1.52763e+06	108905
975	2.70124e+06	1.53093e+06	108905
976	2.70564e+06	1.53423e+06	108905
977	2.71114e+06	1.53753e+06	108905
978	2.71664e+06	1.54083e+06	108905
979	2.72214e+06	1.54414e+06	108905
980	2.72875e+06	1.54744e+06	110005
981	2.72875e+06	1.54744e+06	110005
982	2.72875e+06	1.54744e+06	110005
983	2.72875e+06	1.54744e+06	110005
984	2.72875e+06	1.54744e+06	110005
985	2.72875e+06	1.54744e+06	110005
986	2.72875e+06	1.54744e+06	110005
987	2.72875e+06	1.54744e+06	110005
988	2.72875e+06	1.54744e+06	110005
989	2.72875e+06	1.54744e+06	110005
990	2.72985e+06	1.54744e+06	111105
991	2.73535e+06	1.55074e+06	111105
992	2.73975e+06	1.55294e+06	111105
993	2.74525e+06	1.55624e+06	111105
994	2.75075e+06	1.55954e+06	111105
995	2.75625e+06	1.56285e+06	111105
996	2.76065e+06	1.56505e+06	111105
997	2.76616e+06	1.56835e+06	111105
998	2.77166e+06	1.57165e+06	111105
999	2.77716e+06	1.57495e+06	111105
1000	2.78376e+06	1.57825e+06	112206
total	2.78376e+06	1.57825e+06	112206
